2022-11-08 20:46:43,815 - INFO - Start bot
2022-11-08 20:46:54,156 - INFO - Viktor/ 187984236/ rational_numbers
2022-11-08 20:47:02,861 - INFO - Viktor/ 187984236/ summa
2022-11-08 20:47:10,234 - INFO - Viktor/ 187984236/ numbers = ['3', '4']
2022-11-08 20:47:10,336 - INFO - Viktor/ 187984236/ result = 7
2022-11-08 20:47:10,336 - INFO - End bot
2022-11-08 20:52:07,209 - INFO - Start bot
2022-11-08 20:52:15,595 - INFO - Viktor/ 187984236/ rational_numbers
2022-11-08 20:53:15,090 - INFO - Start bot
2022-11-08 20:53:19,085 - INFO - Viktor/ 187984236/ rational_numbers
2022-11-08 20:55:39,681 - INFO - Viktor/ 187984236/ numbers = ['Сложение']
2022-11-08 20:56:51,874 - INFO - Viktor/ 187984236/ numbers = ['5', '6']
2022-11-08 20:57:52,188 - INFO - Start bot
2022-11-08 20:57:55,912 - INFO - Viktor/ 187984236/ rational_numbers
2022-11-08 20:57:58,132 - INFO - Viktor/ 187984236/ numbers = ['Сложение']
2022-11-08 20:59:33,463 - INFO - Viktor/ 187984236/ numbers = ['Сложение']
2022-11-08 21:00:12,692 - INFO - Viktor/ 187984236/ numbers = ['Сложение']
2022-11-08 21:02:31,538 - INFO - Start bot
2022-11-08 21:02:37,482 - INFO - Viktor/ 187984236/ numbers = ['/Рациональные', 'числа']
2022-11-08 21:03:42,094 - INFO - Viktor/ 187984236/ numbers = ['/Рациональные', 'числа']
2022-11-08 21:04:11,278 - INFO - Start bot
2022-11-08 21:04:15,271 - INFO - Viktor/ 187984236/ numbers = ['/Рациональные', 'числа']
2022-11-08 21:06:00,131 - INFO - Viktor/ 187984236/ numbers = ['/Комплексные', 'числа']
2022-11-08 21:06:00,131 - INFO - Viktor/ 187984236/ numbers = ['/Рациональные', 'числа']
2022-11-08 21:08:13,662 - INFO - Start bot
2022-11-08 21:08:18,577 - INFO - Viktor/ 187984236/ rational_numbers
2022-11-08 21:08:21,955 - INFO - Viktor/ 187984236/ summa
2022-11-08 21:08:33,221 - INFO - Viktor/ 187984236/ numbers = ['5', '66']
2022-11-08 21:08:33,323 - INFO - Viktor/ 187984236/ result = 71
2022-11-08 21:08:33,323 - INFO - End bot
2022-11-08 21:14:33,161 - INFO - Start bot
2022-11-08 21:14:37,197 - INFO - Viktor/ 187984236/ rational_numbers
2022-11-08 21:14:41,148 - INFO - Viktor/ 187984236/ numbers = ['/Вычитание']
2022-11-08 21:18:36,671 - INFO - Start bot
2022-11-08 21:18:40,664 - INFO - Viktor/ 187984236/ rational_numbers
2022-11-08 21:18:43,547 - INFO - Viktor/ 187984236/ summa
2022-11-08 21:18:48,550 - INFO - Viktor/ 187984236/ numbers = ['3', '55']
2022-11-08 21:18:48,856 - INFO - Viktor/ 187984236/ result = 58
2022-11-08 21:18:48,856 - INFO - End bot
2022-11-08 21:18:54,796 - INFO - Start bot
2022-11-08 21:18:58,003 - INFO - Viktor/ 187984236/ rational_numbers
2022-11-08 21:19:01,043 - INFO - Viktor/ 187984236/ Вычитание
2022-11-08 21:19:06,591 - INFO - Viktor/ 187984236/ numbers = ['56', '8']
2022-11-08 21:19:06,777 - INFO - Viktor/ 187984236/ result = 48
2022-11-08 21:19:06,777 - INFO - End bot
2022-11-08 21:22:13,660 - INFO - Start bot
2022-11-08 21:22:17,989 - INFO - Viktor/ 187984236/ rational_numbers
2022-11-08 21:22:21,257 - INFO - Viktor/ 187984236/ Сумма
2022-11-08 21:22:26,562 - INFO - Viktor/ 187984236/ numbers = ['67', '78']
2022-11-08 21:22:26,793 - INFO - Viktor/ 187984236/ result = 145
2022-11-08 21:22:26,793 - INFO - End bot
2022-11-08 21:28:24,772 - INFO - Start bot
2022-11-08 21:28:28,549 - INFO - Viktor/ 187984236/ rational_numbers
2022-11-08 21:28:31,827 - INFO - Viktor/ 187984236/ Умножение
2022-11-08 21:28:38,586 - INFO - Viktor/ 187984236/ numbers = ['5', '6']
2022-11-08 21:28:38,688 - INFO - Viktor/ 187984236/ result = 30
2022-11-08 21:28:38,688 - INFO - End bot
2022-11-08 21:33:37,598 - INFO - Start bot
2022-11-08 21:33:41,392 - INFO - Viktor/ 187984236/ rational_numbers
2022-11-08 21:33:44,466 - INFO - Viktor/ 187984236/ numbers = ['/Возведение', 'в', 'степень']
2022-11-08 21:36:19,613 - INFO - Start bot
2022-11-08 21:36:22,669 - INFO - Viktor/ 187984236/ rational_numbers
2022-11-08 21:36:25,638 - INFO - Viktor/ 187984236/ numbers = ['/Возведение', 'в', 'степень']
2022-11-08 21:40:58,646 - INFO - Viktor/ 187984236/ Умножение
2022-11-08 21:41:03,146 - INFO - Viktor/ 187984236/ numbers = ['4', '5']
2022-11-08 21:41:03,453 - INFO - Viktor/ 187984236/ result = 20
2022-11-08 21:41:03,453 - INFO - End bot
2022-11-08 21:41:10,928 - INFO - Start bot
2022-11-08 21:41:13,898 - INFO - Viktor/ 187984236/ rational_numbers
2022-11-08 21:41:17,791 - INFO - Viktor/ 187984236/ numbers = ['/Возведение', 'в', 'степень']
2022-11-08 21:43:20,466 - INFO - Viktor/ 187984236/ numbers = ['/Возведение', 'в', 'степень']
2022-11-08 21:44:48,019 - INFO - Start bot
2022-11-08 21:44:48,020 - INFO - Viktor/ 187984236/ numbers = ['/Возведение', 'в', 'степень']
2022-11-08 21:44:48,028 - INFO - Viktor/ 187984236/ Умножение
2022-11-08 21:46:49,673 - INFO - Start bot
2022-11-08 21:46:52,538 - INFO - Viktor/ 187984236/ rational_numbers
2022-11-08 21:46:56,327 - INFO - Viktor/ 187984236/ numbers = ['/Возведение_в_степень']
2022-11-08 21:48:30,947 - INFO - Start bot
2022-11-08 21:48:33,814 - INFO - Viktor/ 187984236/ rational_numbers
2022-11-08 21:48:36,702 - INFO - Viktor/ 187984236/ Cтепень
2022-11-08 21:48:42,049 - INFO - Viktor/ 187984236/ numbers = ['3', '4']
2022-11-08 21:48:42,313 - INFO - Viktor/ 187984236/ result = 81
2022-11-08 21:48:42,313 - INFO - End bot
2022-11-08 21:56:26,625 - INFO - Start bot
2022-11-08 21:56:29,922 - INFO - Viktor/ 187984236/ rational_numbers
2022-11-08 21:56:33,156 - INFO - Viktor/ 187984236/ Деление
2022-11-08 21:56:43,292 - INFO - Viktor/ 187984236/ numbers = ['56', '2']
2022-11-08 21:56:43,415 - INFO - Viktor/ 187984236/ result = 28.0
2022-11-08 21:56:43,416 - INFO - End bot
2022-11-08 22:09:42,361 - INFO - Start bot
2022-11-08 22:09:45,332 - INFO - Viktor/ 187984236/ rational_numbers
2022-11-08 22:09:52,706 - INFO - Viktor/ 187984236/ Извлечение_корня
2022-11-08 22:09:59,183 - INFO - Viktor/ 187984236/ numbers = ['144']
2022-11-08 22:09:59,364 - INFO - Viktor/ 187984236/ result = 12.0
2022-11-08 22:09:59,364 - INFO - End bot
2022-11-08 22:10:15,768 - INFO - Start bot
2022-11-08 22:10:19,062 - INFO - Viktor/ 187984236/ rational_numbers
2022-11-08 22:14:25,194 - INFO - Start bot
2022-11-08 22:14:28,690 - INFO - Viktor/ 187984236/ numbers = ['/Рациональные_числа']
2022-11-08 22:16:19,883 - INFO - Viktor/ 187984236/ numbers = ['/Комплексные', 'числа']
2022-11-08 22:16:19,883 - INFO - Viktor/ 187984236/ Рациональные_числа
2022-11-08 22:19:02,927 - INFO - Start bot
2022-11-08 22:19:06,522 - INFO - Viktor/ 187984236/ rational_numbers
2022-11-08 22:19:13,566 - INFO - Viktor/ 187984236/ numbers = ['/Возведение_в_степень']
2022-11-08 22:21:03,023 - INFO - Start bot
2022-11-08 22:21:07,426 - INFO - Viktor/ 187984236/ rational_numbers
2022-11-08 22:21:09,678 - INFO - Viktor/ 187984236/ Степень_числа
2022-11-08 22:21:15,128 - INFO - Viktor/ 187984236/ numbers = ['3', '4']
2022-11-08 22:22:05,832 - INFO - Start bot
2022-11-08 22:22:08,567 - INFO - Viktor/ 187984236/ rational_numbers
2022-11-08 22:22:11,016 - INFO - Viktor/ 187984236/ Степень_числа
2022-11-08 22:22:14,916 - INFO - Viktor/ 187984236/ numbers = ['3', '4']
2022-11-08 22:22:25,353 - INFO - Viktor/ 187984236/ rational_numbers
2022-11-08 22:22:28,254 - INFO - Viktor/ 187984236/ Вычитание
2022-11-08 22:22:31,497 - INFO - Viktor/ 187984236/ numbers = ['5', '6']
2022-11-08 22:22:31,601 - INFO - Viktor/ 187984236/ result = -1
2022-11-08 22:22:31,602 - INFO - End bot
2022-11-08 22:23:22,392 - INFO - Viktor/ 187984236/ rational_numbers
2022-11-08 22:23:25,371 - INFO - Viktor/ 187984236/ Степень_числа
2022-11-08 22:23:31,411 - INFO - Viktor/ 187984236/ numbers = ['2', '2']
2022-11-08 22:25:22,517 - INFO - Start bot
2022-11-08 22:25:25,788 - INFO - Viktor/ 187984236/ rational_numbers
2022-11-08 22:25:28,791 - INFO - Viktor/ 187984236/ Степень
2022-11-08 22:25:33,873 - INFO - Viktor/ 187984236/ numbers = ['3', '4']
2022-11-08 22:25:38,789 - INFO - Viktor/ 187984236/ rational_numbers
2022-11-08 22:25:41,963 - INFO - Viktor/ 187984236/ Степень
2022-11-08 22:25:46,476 - INFO - Viktor/ 187984236/ numbers = ['2', '3']
2022-11-08 22:30:08,540 - INFO - Viktor/ 187984236/ rational_numbers
2022-11-08 22:30:11,723 - INFO - Viktor/ 187984236/ Степень
2022-11-08 22:30:16,610 - INFO - Viktor/ 187984236/ numbers = ['2', '2']
2022-11-08 22:32:12,945 - INFO - Viktor/ 187984236/ rational_numbers
2022-11-08 22:32:16,003 - INFO - Viktor/ 187984236/ Степень
2022-11-08 22:32:21,535 - INFO - Viktor/ 187984236/ numbers = ['2', '2']
2022-11-08 22:32:48,059 - INFO - Viktor/ 187984236/ rational_numbers
2022-11-08 22:32:50,205 - INFO - Viktor/ 187984236/ Степень
2022-11-08 22:32:55,018 - INFO - Viktor/ 187984236/ numbers = ['3', '2']
2022-11-08 22:33:02,002 - INFO - Viktor/ 187984236/ rational_numbers
2022-11-08 22:33:06,386 - INFO - Viktor/ 187984236/ Умножение
2022-11-08 22:33:10,584 - INFO - Viktor/ 187984236/ numbers = ['2', '3']
2022-11-08 22:33:10,725 - INFO - Viktor/ 187984236/ result = 6
2022-11-08 22:33:10,725 - INFO - End bot
2022-11-08 22:34:24,620 - INFO - Viktor/ 187984236/ rational_numbers
2022-11-08 22:34:27,385 - INFO - Viktor/ 187984236/ Степень
2022-11-08 22:34:32,016 - INFO - Viktor/ 187984236/ numbers = ['2', '3']
2022-11-08 22:34:47,763 - INFO - Viktor/ 187984236/ rational_numbers
2022-11-08 22:34:52,170 - INFO - Viktor/ 187984236/ Извлечение_корня
2022-11-08 22:34:56,364 - INFO - Viktor/ 187984236/ numbers = ['56']
2022-11-08 22:34:56,467 - INFO - Viktor/ 187984236/ result = 7.483314773547883
2022-11-08 22:34:56,467 - INFO - End bot
2022-11-08 22:36:13,062 - INFO - Viktor/ 187984236/ rational_numbers
2022-11-08 22:36:16,031 - INFO - Viktor/ 187984236/ Степень
2022-11-08 22:36:21,152 - INFO - Viktor/ 187984236/ numbers = ['2', '2']
2022-11-08 22:37:10,203 - INFO - Start bot
2022-11-08 22:37:13,192 - INFO - Viktor/ 187984236/ rational_numbers
2022-11-08 22:37:20,444 - INFO - Viktor/ 187984236/ Степень
2022-11-08 22:37:25,059 - INFO - Viktor/ 187984236/ numbers = ['2', '2']
2022-11-08 22:40:44,017 - INFO - Start bot
2022-11-08 22:40:46,475 - INFO - Viktor/ 187984236/ rational_numbers
2022-11-08 22:40:53,575 - INFO - Viktor/ 187984236/ Деление
2022-11-08 22:40:58,253 - INFO - Viktor/ 187984236/ numbers = ['5', '7']
2022-11-08 22:40:58,356 - INFO - Viktor/ 187984236/ result = 0.7142857142857143
2022-11-08 22:40:58,356 - INFO - End bot
2022-11-08 22:41:02,448 - INFO - Viktor/ 187984236/ rational_numbers
2022-11-08 22:41:08,086 - INFO - Viktor/ 187984236/ Степень
2022-11-08 22:41:16,795 - INFO - Viktor/ 187984236/ numbers = ['2', '2']
2022-11-08 22:46:02,279 - INFO - Viktor/ 187984236/ rational_numbers
2022-11-08 22:46:09,242 - INFO - Start bot
2022-11-08 22:46:13,147 - INFO - Viktor/ 187984236/ rational_numbers
2022-11-08 22:46:16,214 - INFO - Viktor/ 187984236/ numbers = ['/Cтепень']
2022-11-08 22:47:21,948 - INFO - Viktor/ 187984236/ Вычитание
2022-11-08 22:47:29,013 - INFO - Viktor/ 187984236/ numbers = ['3', '5']
2022-11-08 22:47:29,321 - INFO - Viktor/ 187984236/ result = -2
2022-11-08 22:47:29,321 - INFO - End bot
2022-11-08 22:47:33,723 - INFO - Viktor/ 187984236/ rational_numbers
2022-11-08 22:47:36,693 - INFO - Viktor/ 187984236/ numbers = ['/Cтепень']
2022-11-08 22:49:07,524 - INFO - Start bot
2022-11-08 22:49:10,510 - INFO - Viktor/ 187984236/ rational_numbers
2022-11-08 22:49:13,668 - INFO - Viktor/ 187984236/ numbers = ['/', 'Cтепень']
2022-11-08 22:50:19,613 - INFO - Viktor/ 187984236/ rational_numbers
2022-11-08 22:50:22,787 - INFO - Viktor/ 187984236/ numbers = ['/Cтепень']
2022-11-08 22:50:45,215 - INFO - Start bot
2022-11-08 22:50:45,215 - INFO - Start bot
2022-11-08 22:50:53,423 - INFO - Viktor/ 187984236/ rational_numbers
2022-11-08 22:50:58,956 - INFO - Viktor/ 187984236/ Деление
2022-11-08 22:51:02,315 - INFO - Viktor/ 187984236/ numbers = ['5', '7']
2022-11-08 22:51:02,418 - INFO - Viktor/ 187984236/ result = 0.7142857142857143
2022-11-08 22:51:02,418 - INFO - End bot
2022-11-08 22:51:07,230 - INFO - Viktor/ 187984236/ rational_numbers
2022-11-08 22:51:10,612 - INFO - Viktor/ 187984236/ numbers = ['/Cтепень']
2022-11-08 22:51:31,397 - INFO - Viktor/ 187984236/ Умножение
2022-11-08 22:51:41,536 - INFO - Viktor/ 187984236/ numbers = ['566', '7']
2022-11-08 22:51:41,847 - INFO - Viktor/ 187984236/ result = 3962
2022-11-08 22:51:41,847 - INFO - End bot
2022-11-08 22:57:09,219 - INFO - Viktor/ 187984236/ rational_numbers
2022-11-08 22:57:12,803 - INFO - Viktor/ 187984236/ Целочисленное_деление
2022-11-08 22:57:22,345 - INFO - Viktor/ 187984236/ numbers = ['10', '3']
2022-11-08 22:57:22,457 - INFO - Viktor/ 187984236/ result = 3
2022-11-08 22:57:22,457 - INFO - End bot
2022-11-08 22:57:45,572 - INFO - Viktor/ 187984236/ rational_numbers
2022-11-08 23:02:35,884 - INFO - Viktor/ 187984236/ rational_numbers
2022-11-08 23:02:42,233 - INFO - Viktor/ 187984236/ Остаток_от_деления
2022-11-08 23:02:48,782 - INFO - Viktor/ 187984236/ numbers = ['10', '3']
2022-11-08 23:02:49,117 - INFO - Viktor/ 187984236/ result = 1
2022-11-08 23:02:49,118 - INFO - End bot
2022-11-09 11:01:22,739 - INFO - Start bot
2022-11-09 11:01:22,739 - INFO - Viktor/ 187984236/ numbers = ['2+2']
2022-11-09 11:01:22,746 - INFO - Start bot
2022-11-09 11:01:53,925 - INFO - Ольга/ 5470448905/ numbers = ['2', '3']
2022-11-09 11:04:19,546 - INFO - Start bot
2022-11-09 11:04:21,560 - INFO - Ольга/ 5470448905/ rational_numbers
2022-11-09 11:04:23,329 - INFO - Ольга/ 5470448905/ Сумма
2022-11-09 11:04:25,842 - INFO - Ольга/ 5470448905/ numbers = ['3']
2022-11-09 11:04:33,670 - INFO - Ольга/ 5470448905/ Сумма
2022-11-09 11:04:38,224 - INFO - Ольга/ 5470448905/ numbers = ['3', '6']
2022-11-09 11:04:55,729 - INFO - Start bot
2022-11-09 11:04:57,269 - INFO - Ольга/ 5470448905/ rational_numbers
2022-11-09 11:04:58,724 - INFO - Ольга/ 5470448905/ Сумма
2022-11-09 11:05:19,638 - INFO - Ольга/ 5470448905/ numbers = ['3', '2']
2022-11-09 11:16:47,061 - INFO - Start bot
2022-11-09 11:16:48,947 - INFO - Ольга/ 5470448905/ rational_numbers
2022-11-09 11:16:50,830 - INFO - Ольга/ 5470448905/ summa
2022-11-09 11:16:55,146 - INFO - Ольга/ 5470448905/ numbers = ['3', '5']
2022-11-09 11:16:55,240 - INFO - Ольга/ 5470448905/ result = 8
2022-11-09 11:16:55,240 - INFO - End bot
2022-11-09 11:17:11,870 - INFO - Start bot
2022-11-09 11:17:14,837 - INFO - Ольга/ 5470448905/ rational_numbers
2022-11-09 11:17:16,638 - INFO - Ольга/ 5470448905/ subtraction
2022-11-09 11:17:22,166 - INFO - Ольга/ 5470448905/ numbers = ['8', '7']
2022-11-09 11:17:22,237 - INFO - Ольга/ 5470448905/ result = 1
2022-11-09 11:17:22,238 - INFO - End bot
2022-11-09 11:17:28,553 - INFO - Start bot
2022-11-09 11:17:29,880 - INFO - Ольга/ 5470448905/ rational_numbers
2022-11-09 11:17:31,701 - INFO - Ольга/ 5470448905/ multiplication
2022-11-09 11:17:35,745 - INFO - Ольга/ 5470448905/ numbers = ['3', '5']
2022-11-09 11:17:35,827 - INFO - Ольга/ 5470448905/ result = 15
2022-11-09 11:17:35,827 - INFO - End bot
2022-11-09 11:17:40,863 - INFO - Start bot
2022-11-09 11:17:42,774 - INFO - Ольга/ 5470448905/ rational_numbers
2022-11-09 11:17:44,770 - INFO - Ольга/ 5470448905/ pow
2022-11-09 11:17:46,629 - INFO - Ольга/ 5470448905/ numbers = ['2', '3']
2022-11-09 11:17:46,853 - INFO - Ольга/ 5470448905/ result = 8
2022-11-09 11:17:46,853 - INFO - End bot
2022-11-09 11:17:54,793 - INFO - Start bot
2022-11-09 11:17:56,048 - INFO - Ольга/ 5470448905/ rational_numbers
2022-11-09 11:17:57,486 - INFO - Ольга/ 5470448905/ square_root
2022-11-09 11:17:59,437 - INFO - Ольга/ 5470448905/ numbers = ['4']
2022-11-09 11:17:59,518 - INFO - Ольга/ 5470448905/ result = 2.0
2022-11-09 11:17:59,518 - INFO - End bot
2022-11-09 11:18:04,864 - INFO - Start bot
2022-11-09 11:18:05,956 - INFO - Ольга/ 5470448905/ rational_numbers
2022-11-09 11:18:08,844 - INFO - Ольга/ 5470448905/ division
2022-11-09 11:18:11,760 - INFO - Ольга/ 5470448905/ numbers = ['6', '3']
2022-11-09 11:18:11,845 - INFO - Ольга/ 5470448905/ result = 2.0
2022-11-09 11:18:11,845 - INFO - End bot
2022-11-09 11:18:15,783 - INFO - Start bot
2022-11-09 11:18:17,442 - INFO - Ольга/ 5470448905/ rational_numbers
2022-11-09 11:18:19,556 - INFO - Ольга/ 5470448905/ integer_division
2022-11-09 11:18:28,608 - INFO - Ольга/ 5470448905/ numbers = ['5', '2']
2022-11-09 11:18:28,688 - INFO - Ольга/ 5470448905/ result = 2
2022-11-09 11:18:28,688 - INFO - End bot
2022-11-09 11:18:44,760 - INFO - Ольга/ 5470448905/ numbers = ['/', 'start']
2022-11-09 11:19:02,394 - INFO - Start bot
2022-11-09 11:19:05,203 - INFO - Ольга/ 5470448905/ rational_numbers
2022-11-09 11:19:06,991 - INFO - Ольга/ 5470448905/ remainder_of_division
2022-11-09 11:19:26,606 - INFO - Ольга/ 5470448905/ numbers = ['6', '5']
2022-11-09 11:19:26,701 - INFO - Ольга/ 5470448905/ result = 1
2022-11-09 11:19:26,701 - INFO - End bot
2022-11-09 11:21:50,290 - INFO - Start bot
2022-11-09 11:21:51,595 - INFO - Ольга/ 5470448905/ rational_numbers
2022-11-09 11:21:52,726 - INFO - Ольга/ 5470448905/ summa
2022-11-09 11:21:56,737 - INFO - Ольга/ 5470448905/ numbers = ['3.5', '5']
2022-11-09 11:21:56,819 - INFO - Ольга/ 5470448905/ result = 8.5
2022-11-09 11:21:56,819 - INFO - End bot
2022-11-09 11:22:09,920 - INFO - Start bot
2022-11-09 11:22:11,631 - INFO - Ольга/ 5470448905/ rational_numbers
2022-11-09 11:22:13,509 - INFO - Ольга/ 5470448905/ subtraction
2022-11-09 11:22:26,902 - INFO - Ольга/ 5470448905/ numbers = ['4,5', '9']
2022-11-09 11:34:12,540 - INFO - Start bot
2022-11-09 11:34:14,240 - INFO - Ольга/ 5470448905/ rational_numbers
2022-11-09 11:34:15,426 - INFO - Ольга/ 5470448905/ summa
2022-11-09 11:34:19,771 - INFO - Ольга/ 5470448905/ numbers = ['3', '5']
2022-11-09 11:34:19,981 - INFO - Ольга/ 5470448905/ result = 8.0
2022-11-09 11:34:19,981 - INFO - End bot
2022-11-09 11:34:50,018 - INFO - Start bot
2022-11-09 11:34:51,813 - INFO - Ольга/ 5470448905/ rational_numbers
2022-11-09 11:34:59,240 - INFO - Ольга/ 5470448905/ summa
2022-11-09 11:35:02,418 - INFO - Ольга/ 5470448905/ numbers = ['s', 'f']
2022-11-09 11:35:22,589 - INFO - Start bot
2022-11-09 11:35:23,898 - INFO - Ольга/ 5470448905/ rational_numbers
2022-11-09 11:35:25,347 - INFO - Ольга/ 5470448905/ summa
2022-11-09 11:35:28,401 - INFO - Ольга/ 5470448905/ numbers = ['ad']
2022-11-09 11:36:07,822 - INFO - Start bot
2022-11-09 11:36:08,924 - INFO - Ольга/ 5470448905/ rational_numbers
2022-11-09 11:36:10,021 - INFO - Ольга/ 5470448905/ summa
2022-11-09 11:36:18,608 - INFO - Ольга/ 5470448905/ numbers = ['f', '2']
2022-11-09 11:39:49,348 - INFO - Start bot
2022-11-09 11:39:51,937 - INFO - Ольга/ 5470448905/ rational_numbers
2022-11-09 11:39:53,393 - INFO - Ольга/ 5470448905/ summa
2022-11-09 11:40:00,583 - INFO - Ольга/ 5470448905/ numbers = ['3', '8']
2022-11-09 11:40:27,323 - INFO - Start bot
2022-11-09 11:40:28,601 - INFO - Ольга/ 5470448905/ rational_numbers
2022-11-09 11:40:29,781 - INFO - Ольга/ 5470448905/ summa
2022-11-09 11:40:32,310 - INFO - Ольга/ 5470448905/ numbers = ['2', '3']
2022-11-09 11:41:12,295 - INFO - Start bot
2022-11-09 11:41:15,784 - INFO - Ольга/ 5470448905/ rational_numbers
2022-11-09 11:41:17,154 - INFO - Ольга/ 5470448905/ summa
2022-11-09 11:41:19,537 - INFO - Ольга/ 5470448905/ numbers = ['2', '3']
2022-11-09 11:41:19,613 - INFO - Ольга/ 5470448905/ result = 5.0
2022-11-09 11:41:19,613 - INFO - End bot
2022-11-09 11:41:23,692 - INFO - Start bot
2022-11-09 11:41:25,350 - INFO - Ольга/ 5470448905/ rational_numbers
2022-11-09 11:41:26,595 - INFO - Ольга/ 5470448905/ summa
2022-11-09 11:41:28,837 - INFO - Ольга/ 5470448905/ numbers = ['12']
2022-11-09 11:44:24,002 - INFO - Start bot
2022-11-09 11:44:25,955 - INFO - Ольга/ 5470448905/ rational_numbers
2022-11-09 11:44:27,152 - INFO - Ольга/ 5470448905/ summa
2022-11-09 11:44:30,068 - INFO - Ольга/ 5470448905/ numbers = ['3', '5']
2022-11-09 11:44:30,160 - INFO - Ольга/ 5470448905/ result = 8.0
2022-11-09 11:44:30,160 - INFO - End bot
2022-11-09 11:44:33,960 - INFO - Start bot
2022-11-09 11:44:35,209 - INFO - Ольга/ 5470448905/ rational_numbers
2022-11-09 11:44:36,477 - INFO - Ольга/ 5470448905/ summa
2022-11-09 11:44:43,560 - INFO - Ольга/ 5470448905/ numbers = ['123']
2022-11-09 11:44:43,657 - INFO - Ольга/ 5470448905/ result = error
2022-11-09 11:44:43,657 - INFO - End bot
2022-11-09 11:44:47,933 - INFO - Start bot
2022-11-09 11:44:50,343 - INFO - Ольга/ 5470448905/ rational_numbers
2022-11-09 11:44:51,534 - INFO - Ольга/ 5470448905/ summa
2022-11-09 11:45:05,960 - INFO - Ольга/ 5470448905/ numbers = ['a', '12']
2022-11-09 11:46:23,136 - INFO - Start bot
2022-11-09 11:46:24,120 - INFO - Ольга/ 5470448905/ rational_numbers
2022-11-09 11:46:25,253 - INFO - Ольга/ 5470448905/ summa
2022-11-09 11:46:28,559 - INFO - Ольга/ 5470448905/ numbers = ['a', '12']
2022-11-09 11:48:10,249 - INFO - Start bot
2022-11-09 11:48:13,059 - INFO - Ольга/ 5470448905/ rational_numbers
2022-11-09 11:48:14,303 - INFO - Ольга/ 5470448905/ summa
2022-11-09 11:48:20,639 - INFO - Ольга/ 5470448905/ numbers = ['a', '12']
2022-11-09 11:48:37,646 - INFO - Start bot
2022-11-09 11:48:38,701 - INFO - Ольга/ 5470448905/ rational_numbers
2022-11-09 11:48:39,928 - INFO - Ольга/ 5470448905/ summa
2022-11-09 11:48:42,167 - INFO - Ольга/ 5470448905/ numbers = ['123']
2022-11-09 11:48:42,480 - INFO - Ольга/ 5470448905/ result = error
2022-11-09 11:48:42,496 - INFO - End bot
2022-11-09 11:49:32,959 - INFO - Start bot
2022-11-09 11:49:33,980 - INFO - Ольга/ 5470448905/ rational_numbers
2022-11-09 11:49:35,192 - INFO - Ольга/ 5470448905/ summa
2022-11-09 11:49:39,601 - INFO - Ольга/ 5470448905/ numbers = ['a', '12']
2022-11-09 11:50:32,620 - INFO - Start bot
2022-11-09 11:50:33,969 - INFO - Ольга/ 5470448905/ rational_numbers
2022-11-09 11:50:34,928 - INFO - Ольга/ 5470448905/ summa
2022-11-09 11:50:39,829 - INFO - Ольга/ 5470448905/ numbers = ['a', '23']
2022-11-09 11:51:16,230 - INFO - Start bot
2022-11-09 11:51:17,421 - INFO - Ольга/ 5470448905/ rational_numbers
2022-11-09 11:51:18,482 - INFO - Ольга/ 5470448905/ summa
2022-11-09 11:51:22,230 - INFO - Ольга/ 5470448905/ numbers = ['a', '12']
2022-11-09 11:52:49,872 - INFO - Start bot
2022-11-09 11:52:51,074 - INFO - Ольга/ 5470448905/ rational_numbers
2022-11-09 11:52:51,988 - INFO - Ольга/ 5470448905/ summa
2022-11-09 11:52:56,376 - INFO - Ольга/ 5470448905/ numbers = ['a', '12']
2022-11-09 11:53:36,216 - INFO - Start bot
2022-11-09 11:53:38,062 - INFO - Ольга/ 5470448905/ rational_numbers
2022-11-09 11:53:39,266 - INFO - Ольга/ 5470448905/ summa
2022-11-09 11:53:42,531 - INFO - Ольга/ 5470448905/ numbers = ['a', '2']
2022-11-09 11:53:42,628 - INFO - Ольга/ 5470448905/ result = error
2022-11-09 11:53:42,629 - INFO - End bot
2022-11-09 11:53:48,778 - INFO - Start bot
2022-11-09 11:53:51,577 - INFO - Ольга/ 5470448905/ rational_numbers
2022-11-09 11:53:52,957 - INFO - Ольга/ 5470448905/ summa
2022-11-09 11:54:03,108 - INFO - Ольга/ 5470448905/ numbers = ['a', 't']
2022-11-09 11:54:03,192 - INFO - Ольга/ 5470448905/ result = error
2022-11-09 11:54:03,192 - INFO - End bot
2022-11-09 11:54:06,500 - INFO - Start bot
2022-11-09 11:54:07,680 - INFO - Ольга/ 5470448905/ rational_numbers
2022-11-09 11:54:08,676 - INFO - Ольга/ 5470448905/ summa
2022-11-09 11:54:12,308 - INFO - Ольга/ 5470448905/ numbers = ['12', 'jhlk']
2022-11-09 11:54:12,447 - INFO - Ольга/ 5470448905/ result = error
2022-11-09 11:54:12,447 - INFO - End bot
2022-11-09 11:54:19,888 - INFO - Start bot
2022-11-09 11:54:20,744 - INFO - Ольга/ 5470448905/ rational_numbers
2022-11-09 11:54:21,651 - INFO - Ольга/ 5470448905/ summa
2022-11-09 11:54:24,314 - INFO - Ольга/ 5470448905/ numbers = ['12', '2']
2022-11-09 11:54:24,398 - INFO - Ольга/ 5470448905/ result = 14.0
2022-11-09 11:54:24,398 - INFO - End bot
2022-11-09 16:19:54,589 - INFO - Ольга/ 5470448905/ numbers = ['2', '6']
2022-11-09 16:20:15,102 - INFO - Start bot
2022-11-09 16:20:17,466 - INFO - Ольга/ 5470448905/ rational_numbers
2022-11-09 16:20:19,788 - INFO - Ольга/ 5470448905/ subtraction
2022-11-09 16:20:23,186 - INFO - Ольга/ 5470448905/ numbers = ['2', '6']
2022-11-09 16:20:23,301 - INFO - Ольга/ 5470448905/ result = 8.0
2022-11-09 16:20:23,301 - INFO - End bot
2022-11-09 16:20:27,005 - INFO - Start bot
2022-11-09 16:20:29,054 - INFO - Ольга/ 5470448905/ rational_numbers
2022-11-09 16:20:30,108 - INFO - Ольга/ 5470448905/ subtraction
2022-11-09 16:20:32,275 - INFO - Ольга/ 5470448905/ numbers = ['a', '2']
2022-11-09 16:20:32,362 - INFO - Ольга/ 5470448905/ result = error
2022-11-09 16:20:32,362 - INFO - End bot
2022-11-09 16:20:36,493 - INFO - Start bot
2022-11-09 16:20:38,122 - INFO - Ольга/ 5470448905/ rational_numbers
2022-11-09 16:20:39,643 - INFO - Ольга/ 5470448905/ subtraction
2022-11-09 16:20:43,258 - INFO - Ольга/ 5470448905/ numbers = ['1323']
2022-11-09 16:20:43,543 - INFO - Ольга/ 5470448905/ result = error
2022-11-09 16:20:43,543 - INFO - End bot
2022-11-09 16:20:48,779 - INFO - Start bot
2022-11-09 16:20:50,156 - INFO - Ольга/ 5470448905/ rational_numbers
2022-11-09 16:20:51,602 - INFO - Ольга/ 5470448905/ multiplication
2022-11-09 16:20:58,475 - INFO - Ольга/ 5470448905/ numbers = ['12', '12']
2022-11-09 16:20:58,601 - INFO - Ольга/ 5470448905/ result = 24.0
2022-11-09 16:20:58,602 - INFO - End bot
2022-11-09 16:21:02,975 - INFO - Start bot
2022-11-09 16:21:04,389 - INFO - Ольга/ 5470448905/ rational_numbers
2022-11-09 16:21:05,503 - INFO - Ольга/ 5470448905/ multiplication
2022-11-09 16:21:08,836 - INFO - Ольга/ 5470448905/ numbers = ['ad', '2']
2022-11-09 16:21:08,924 - INFO - Ольга/ 5470448905/ result = error
2022-11-09 16:21:08,924 - INFO - End bot
2022-11-09 16:21:12,507 - INFO - Start bot
2022-11-09 16:21:17,211 - INFO - Ольга/ 5470448905/ rational_numbers
2022-11-09 16:21:18,659 - INFO - Ольга/ 5470448905/ multiplication
2022-11-09 16:21:21,293 - INFO - Ольга/ 5470448905/ numbers = ['121']
2022-11-09 16:21:21,365 - INFO - Ольга/ 5470448905/ result = error
2022-11-09 16:21:21,365 - INFO - End bot
2022-11-09 16:21:25,209 - INFO - Start bot
2022-11-09 16:21:27,127 - INFO - Ольга/ 5470448905/ rational_numbers
2022-11-09 16:21:29,647 - INFO - Ольга/ 5470448905/ pow
2022-11-09 16:21:32,442 - INFO - Ольга/ 5470448905/ numbers = ['asd', '123']
2022-11-09 16:21:32,587 - INFO - Ольга/ 5470448905/ result = error
2022-11-09 16:21:32,587 - INFO - End bot
2022-11-09 16:21:42,037 - INFO - Start bot
2022-11-09 16:21:43,845 - INFO - Ольга/ 5470448905/ rational_numbers
2022-11-09 16:21:45,100 - INFO - Ольга/ 5470448905/ pow
2022-11-09 16:21:46,781 - INFO - Ольга/ 5470448905/ numbers = ['2', '2']
2022-11-09 16:21:46,929 - INFO - Ольга/ 5470448905/ result = 4.0
2022-11-09 16:21:46,929 - INFO - End bot
2022-11-09 16:21:51,025 - INFO - Start bot
2022-11-09 16:21:54,312 - INFO - Ольга/ 5470448905/ rational_numbers
2022-11-09 16:21:56,747 - INFO - Ольга/ 5470448905/ square_root
2022-11-09 16:22:02,820 - INFO - Ольга/ 5470448905/ numbers = ['123', '23']
2022-11-09 16:22:02,949 - INFO - Ольга/ 5470448905/ result = 146.0
2022-11-09 16:22:02,949 - INFO - End bot
2022-11-09 16:52:42,682 - INFO - Start bot
2022-11-09 16:52:44,162 - INFO - Ольга/ 5470448905/ rational_numbers
2022-11-09 16:52:45,348 - INFO - Ольга/ 5470448905/ summa
2022-11-09 16:52:49,718 - INFO - Ольга/ 5470448905/ numbers = ['2', '6']
2022-11-09 16:52:49,980 - INFO - Ольга/ 5470448905/ result = 8.0
2022-11-09 16:52:49,980 - INFO - End bot
2022-11-09 16:52:54,304 - INFO - Start bot
2022-11-09 16:52:55,304 - INFO - Ольга/ 5470448905/ rational_numbers
2022-11-09 16:52:56,433 - INFO - Ольга/ 5470448905/ subtraction
2022-11-09 16:52:58,660 - INFO - Ольга/ 5470448905/ numbers = ['42']
2022-11-09 16:52:58,754 - INFO - Ольга/ 5470448905/ result = error
2022-11-09 16:52:58,755 - INFO - End bot
2022-11-09 16:53:03,421 - INFO - Start bot
2022-11-09 16:53:04,891 - INFO - Ольга/ 5470448905/ rational_numbers
2022-11-09 16:53:07,085 - INFO - Ольга/ 5470448905/ square_root
2022-11-09 16:53:15,427 - INFO - Ольга/ 5470448905/ numbers = ['8']
2022-11-09 16:54:55,178 - INFO - Start bot
2022-11-09 16:54:57,734 - INFO - Ольга/ 5470448905/ rational_numbers
2022-11-09 16:55:01,848 - INFO - Ольга/ 5470448905/ square_root
2022-11-09 16:55:03,677 - INFO - Ольга/ 5470448905/ numbers = ['8']
2022-11-09 16:55:03,838 - INFO - Ольга/ 5470448905/ result = 4.0
2022-11-09 16:55:03,838 - INFO - End bot
2022-11-09 16:57:17,303 - INFO - Start bot
2022-11-09 16:57:19,062 - INFO - Ольга/ 5470448905/ rational_numbers
2022-11-09 16:57:19,992 - INFO - Ольга/ 5470448905/ square_root
2022-11-09 16:57:22,087 - INFO - Ольга/ 5470448905/ numbers = ['8']
2022-11-09 16:57:22,176 - INFO - Ольга/ 5470448905/ result = 2.8284271247461903
2022-11-09 16:57:22,176 - INFO - End bot
2022-11-09 17:02:44,432 - INFO - Start bot
2022-11-09 17:02:45,705 - INFO - Ольга/ 5470448905/ rational_numbers
2022-11-09 17:02:49,084 - INFO - Ольга/ 5470448905/ square_root
2022-11-09 17:02:51,197 - INFO - Ольга/ 5470448905/ numbers = ['16']
2022-11-09 17:02:51,282 - INFO - Ольга/ 5470448905/ result = 4.0
2022-11-09 17:02:51,282 - INFO - End bot
2022-11-09 17:06:29,380 - INFO - Start bot
2022-11-09 17:06:31,027 - INFO - Ольга/ 5470448905/ rational_numbers
2022-11-09 17:06:39,337 - INFO - Ольга/ 5470448905/ summa
2022-11-09 17:06:41,800 - INFO - Ольга/ 5470448905/ numbers = ['1', '2']
2022-11-09 17:06:41,906 - INFO - Ольга/ 5470448905/ result = 3.0
2022-11-09 17:06:41,906 - INFO - End bot
2022-11-09 17:07:12,218 - INFO - Start bot
2022-11-09 17:07:13,444 - INFO - Ольга/ 5470448905/ rational_numbers
2022-11-09 17:07:15,842 - INFO - Ольга/ 5470448905/ summa
2022-11-09 17:07:18,916 - INFO - Ольга/ 5470448905/ numbers = ['12', 'a']
2022-11-09 17:07:19,017 - INFO - Ольга/ 5470448905/ result = error
2022-11-09 17:07:19,018 - INFO - End bot
2022-11-09 17:07:22,285 - INFO - Start bot
2022-11-09 17:07:23,789 - INFO - Ольга/ 5470448905/ rational_numbers
2022-11-09 17:07:27,321 - INFO - Ольга/ 5470448905/ summa
2022-11-09 17:07:31,654 - INFO - Ольга/ 5470448905/ numbers = ['as']
2022-11-09 17:07:31,796 - INFO - Ольга/ 5470448905/ result = error
2022-11-09 17:07:31,796 - INFO - End bot
2022-11-09 17:21:46,828 - INFO - Start bot
2022-11-09 17:21:48,830 - INFO - Ольга/ 5470448905/ rational_numbers
2022-11-09 17:21:50,288 - INFO - Ольга/ 5470448905/ summa_comp
2022-11-09 17:21:56,537 - INFO - Ольга/ 5470448905/ numbers = ['2', '3', '4', '7']
2022-11-09 17:23:00,960 - INFO - Start bot
2022-11-09 17:23:03,768 - INFO - Ольга/ 5470448905/ rational_numbers
2022-11-09 17:23:05,292 - INFO - Ольга/ 5470448905/ summa_comp
2022-11-09 17:23:10,290 - INFO - Ольга/ 5470448905/ numbers = ['1', '4', '1', '5']
2022-11-09 17:23:10,393 - INFO - Ольга/ 5470448905/ result = (2+5j)
2022-11-09 17:23:10,393 - INFO - End bot
2022-11-09 17:23:25,253 - INFO - Start bot
2022-11-09 17:23:28,740 - INFO - Ольга/ 5470448905/ rational_numbers
2022-11-09 17:23:30,306 - INFO - Ольга/ 5470448905/ summa_comp
2022-11-09 17:23:34,497 - INFO - Ольга/ 5470448905/ numbers = ['12']
2022-11-09 17:23:34,581 - INFO - Ольга/ 5470448905/ result = error
2022-11-09 17:23:34,581 - INFO - End bot
2022-11-09 17:23:40,735 - INFO - Start bot
2022-11-09 17:23:42,736 - INFO - Ольга/ 5470448905/ rational_numbers
2022-11-09 17:23:43,696 - INFO - Ольга/ 5470448905/ summa_comp
2022-11-09 17:23:50,801 - INFO - Ольга/ 5470448905/ numbers = ['12', '1', '4', 'try']
2022-11-09 17:23:50,879 - INFO - Ольга/ 5470448905/ result = (16+5j)
2022-11-09 17:23:50,879 - INFO - End bot
2022-11-09 17:24:22,899 - INFO - Start bot
2022-11-09 17:24:25,638 - INFO - Ольга/ 5470448905/ rational_numbers
2022-11-09 17:24:26,813 - INFO - Ольга/ 5470448905/ summa_comp
2022-11-09 17:24:33,069 - INFO - Ольга/ 5470448905/ numbers = ['12', '1', '4', 'sd']
2022-11-09 17:24:33,164 - INFO - Ольга/ 5470448905/ result = error
2022-11-09 17:24:33,164 - INFO - End bot
2022-11-09 17:28:44,400 - INFO - Start bot
2022-11-09 17:28:46,784 - INFO - Ольга/ 5470448905/ rational_numbers
2022-11-09 17:28:54,379 - INFO - Ольга/ 5470448905/ subtraction_comp
2022-11-09 17:28:59,819 - INFO - Ольга/ 5470448905/ numbers = ['1', '2', '3', '4']
2022-11-09 17:29:00,054 - INFO - Ольга/ 5470448905/ result = (4+6j)
2022-11-09 17:29:00,054 - INFO - End bot
2022-11-09 17:29:36,225 - INFO - Start bot
2022-11-09 17:29:37,799 - INFO - Ольга/ 5470448905/ rational_numbers
2022-11-09 17:29:39,245 - INFO - Ольга/ 5470448905/ subtraction_comp
2022-11-09 17:29:44,020 - INFO - Ольга/ 5470448905/ numbers = ['1', '2', '3', '4']
2022-11-09 17:29:44,409 - INFO - Ольга/ 5470448905/ result = (-2-2j)
2022-11-09 17:29:44,409 - INFO - End bot
2022-11-09 17:33:39,119 - INFO - Start bot
2022-11-09 17:33:41,751 - INFO - Ольга/ 5470448905/ rational_numbers
2022-11-09 17:33:44,307 - INFO - Ольга/ 5470448905/ multiplication_comp
2022-11-09 17:33:51,474 - INFO - Ольга/ 5470448905/ numbers = ['1', '2', '3', '4']
2022-11-09 17:33:51,552 - INFO - Ольга/ 5470448905/ result = (-5+10j)
2022-11-09 17:33:51,552 - INFO - End bot
2022-11-09 17:50:58,088 - INFO - Ольга/ 5470448905/ numbers = ['/srart']
2022-11-09 17:51:10,905 - INFO - Start bot
2022-11-09 17:51:16,780 - INFO - Ольга/ 5470448905/ rational_numbers
2022-11-09 17:51:18,957 - INFO - Ольга/ 5470448905/ pow_comp
2022-11-09 17:51:25,089 - INFO - Ольга/ 5470448905/ numbers = ['1', '2', '2']
2022-11-09 17:52:21,223 - INFO - Start bot
2022-11-09 17:52:22,825 - INFO - Ольга/ 5470448905/ rational_numbers
2022-11-09 17:52:24,260 - INFO - Ольга/ 5470448905/ pow_comp
2022-11-09 17:52:28,225 - INFO - Ольга/ 5470448905/ numbers = ['1', '2', '2']
2022-11-09 17:52:28,306 - INFO - Ольга/ 5470448905/ result = (-3+4j)
2022-11-09 17:52:28,306 - INFO - End bot
2022-11-09 17:58:45,833 - INFO - Start bot
2022-11-09 17:58:48,426 - INFO - Ольга/ 5470448905/ rational_numbers
2022-11-09 17:58:53,135 - INFO - Ольга/ 5470448905/ square_root_comp
2022-11-09 17:58:57,056 - INFO - Ольга/ 5470448905/ numbers = ['4', '4']
2022-11-09 17:59:45,580 - INFO - Start bot
2022-11-09 17:59:47,816 - INFO - Ольга/ 5470448905/ rational_numbers
2022-11-09 17:59:49,691 - INFO - Ольга/ 5470448905/ square_root_comp
2022-11-09 17:59:54,236 - INFO - Ольга/ 5470448905/ numbers = ['4', '4']
2022-11-09 17:59:54,312 - INFO - Ольга/ 5470448905/ result = (2.1973682269356196+0.9101797211244547j)
2022-11-09 17:59:54,313 - INFO - End bot
2022-11-09 18:10:15,644 - INFO - Start bot
2022-11-09 18:10:17,528 - INFO - Ольга/ 5470448905/ rational_numbers
2022-11-09 18:10:19,420 - INFO - Ольга/ 5470448905/ division_comp
2022-11-09 18:10:24,810 - INFO - Ольга/ 5470448905/ numbers = ['1', '2', '4', '2']
2022-11-09 18:10:25,131 - INFO - Ольга/ 5470448905/ result = (0.4+0.3j)
2022-11-09 18:10:25,131 - INFO - End bot
2022-11-09 18:11:59,754 - INFO - Start bot
2022-11-09 18:12:01,535 - INFO - Ольга/ 5470448905/ rational_numbers
2022-11-09 18:12:04,920 - INFO - Ольга/ 5470448905/ subtraction_comp
2022-11-09 18:12:08,895 - INFO - Ольга/ 5470448905/ numbers = ['4', 'as']
2022-11-09 18:12:09,031 - INFO - Ольга/ 5470448905/ result = error
2022-11-09 18:12:09,031 - INFO - End bot
2022-11-09 18:12:11,784 - INFO - Start bot
2022-11-09 18:12:13,266 - INFO - Ольга/ 5470448905/ rational_numbers
2022-11-09 18:12:14,427 - INFO - Ольга/ 5470448905/ summa
2022-11-09 18:12:19,156 - INFO - Ольга/ 5470448905/ numbers = ['4', '5']
2022-11-09 18:12:19,259 - INFO - Ольга/ 5470448905/ result = 9.0
2022-11-09 18:12:19,259 - INFO - End bot
2022-11-09 18:13:43,955 - INFO - Start bot
2022-11-09 18:13:46,838 - INFO - Viktor/ 187984236/ rational_numbers
2022-11-09 18:13:48,843 - INFO - Start bot
2022-11-09 18:13:51,689 - INFO - Andrii/ 325719445/ rational_numbers
2022-11-09 18:13:54,539 - INFO - Andrii/ 325719445/ multiplication_comp
2022-11-09 18:13:54,748 - INFO - Viktor/ 187984236/ division
2022-11-09 18:13:58,802 - INFO - Viktor/ 187984236/ numbers = ['2', '3']
2022-11-09 18:13:58,912 - INFO - Viktor/ 187984236/ result = 0.6666666666666666
2022-11-09 18:13:58,912 - INFO - End bot
2022-11-09 18:14:02,828 - INFO - Start bot
2022-11-09 18:14:05,158 - INFO - Viktor/ 187984236/ rational_numbers
2022-11-09 18:14:07,507 - INFO - Viktor/ 187984236/ summa_comp
2022-11-09 18:14:12,684 - INFO - Andrii/ 325719445/ numbers = ['3', '5', '6', '3']
2022-11-09 18:14:12,802 - INFO - Andrii/ 325719445/ result = (9+8j)
2022-11-09 18:14:12,803 - INFO - End bot
2022-11-09 18:14:18,913 - INFO - Viktor/ 187984236/ numbers = ['2', '3', '4', '5']
2022-11-09 18:14:19,039 - INFO - Viktor/ 187984236/ result = (6+8j)
2022-11-09 18:14:19,039 - INFO - End bot
2022-11-09 18:14:21,342 - INFO - Start bot
2022-11-09 18:14:24,716 - INFO - Andrii/ 325719445/ rational_numbers
2022-11-09 18:14:32,202 - INFO - Andrii/ 325719445/ multiplication
2022-11-09 18:14:38,426 - INFO - Andrii/ 325719445/ numbers = ['5', '5']
2022-11-09 18:14:38,745 - INFO - Andrii/ 325719445/ result = 25.0
2022-11-09 18:14:38,745 - INFO - End bot
2022-11-09 18:14:42,543 - INFO - Start bot
2022-11-09 18:14:45,482 - INFO - Andrii/ 325719445/ rational_numbers
2022-11-09 18:14:49,141 - INFO - Andrii/ 325719445/ division
2022-11-09 18:14:54,364 - INFO - Andrii/ 325719445/ numbers = ['20', '4']
2022-11-09 18:14:54,613 - INFO - Al/ 5081098131/ numbers = ['1']
2022-11-09 18:14:54,684 - INFO - Andrii/ 325719445/ result = 5.0
2022-11-09 18:14:54,684 - INFO - End bot
2022-11-09 18:14:55,068 - INFO - Al/ 5081098131/ result = error
2022-11-09 18:14:55,068 - INFO - End bot
2022-11-09 18:15:07,202 - INFO - Al/ 5081098131/ numbers = ['1']
2022-11-09 18:15:07,328 - INFO - Al/ 5081098131/ result = error
2022-11-09 18:15:07,328 - INFO - End bot
2022-11-09 18:15:11,328 - INFO - Start bot
2022-11-09 18:15:15,286 - INFO - Al/ 5081098131/ rational_numbers
2022-11-09 18:15:29,675 - INFO - Al/ 5081098131/ summa
2022-11-09 18:15:52,515 - INFO - Al/ 5081098131/ numbers = ['34', '67']
2022-11-09 18:15:52,656 - INFO - Al/ 5081098131/ result = 101.0
2022-11-09 18:15:52,656 - INFO - End bot
2022-11-09 18:16:00,804 - INFO - Start bot
2022-11-09 18:16:04,240 - INFO - Al/ 5081098131/ rational_numbers
2022-11-09 18:16:08,888 - INFO - Al/ 5081098131/ summa_comp
2022-11-09 18:16:31,694 - INFO - Al/ 5081098131/ numbers = ['1', '5', '67', '7']
2022-11-09 18:16:31,946 - INFO - Al/ 5081098131/ result = (68+12j)
2022-11-09 18:16:31,946 - INFO - End bot
